"shadow*" style props are deprecated. Use "boxShadow".
λ  WARN  props.pointerEvents is deprecated. Use style.pointerEvents 
  console.warn (C:\olivia.hi\10.study\focus-tree-native\node_modules\expo\node_modules\@expo\cli\src\start\server\serverLogLikeMetro.ts:177:21)
  warnOnce (C:\olivia.hi\10.study\focus-tree-native\node_modules\react-native-web\dist\modules\warnOnce\index.js:24:13)
  createDOMProps (C:\olivia.hi\10.study\focus-tree-native\node_modules\react-native-web\dist\modules\createDOMProps\index.js:805:13)
  createElement (C:\olivia.hi\10.study\focus-tree-native\node_modules\react-native-web\dist\exports\createElement\index.js:23:32)
  Component (C:\olivia.hi\10.study\focus-tree-native\node_modules\react-native-web\dist\exports\View\index.js:111:23)
  Object.callComponentInDEV [as react_stack_bottom_frame] (C:\olivia.hi\10.study\focus-tree-native\node_modules\react-dom\cjs\react-dom-server-legacy.node.development.js:9808:18)
  renderWithHooks (C:\olivia.hi\10.study\focus-tree-native\node_modules\react-dom\cjs\react-dom-server-legacy.node.development.js:5062:19)
  run (C:\olivia.hi\10.study\focus-tree-native\node_modules\react-dom\cjs\react-dom-server-legacy.node.development.js:6017:39)
  retryNode (C:\olivia.hi\10.study\focus-tree-native\node_modules\react-dom\cjs\react-dom-server-legacy.node.development.js:6417:31)
  renderNodeDestructive (C:\olivia.hi\10.study\focus-tree-native\node_modules\react-dom\cjs\react-dom-server-legacy.node.development.js:6367:11)
"shadow*" style props are deprecated. Use "boxShadow".
λ  WARN  props.pointerEvents is deprecated. Use style.pointerEvents 
  console.warn (C:\olivia.hi\10.study\focus-tree-native\node_modules\expo\node_modules\@expo\cli\src\start\server\serverLogLikeMetro.ts:177:21)
  warnOnce (C:\olivia.hi\10.study\focus-tree-native\node_modules\react-native-web\dist\modules\warnOnce\index.js:24:13)
  createDOMProps (C:\olivia.hi\10.study\focus-tree-native\node_modules\react-native-web\dist\modules\createDOMProps\index.js:805:13)
  createElement (C:\olivia.hi\10.study\focus-tree-native\node_modules\react-native-web\dist\exports\createElement\index.js:23:32)
  Component (C:\olivia.hi\10.study\focus-tree-native\node_modules\react-native-web\dist\exports\View\index.js:111:23)
  Object.callComponentInDEV [as react_stack_bottom_frame] (C:\olivia.hi\10.study\focus-tree-native\node_modules\react-dom\cjs\react-dom-server-legacy.node.development.js:9808:18)
  renderWithHooks (C:\olivia.hi\10.study\focus-tree-native\node_modules\react-dom\cjs\react-dom-server-legacy.node.development.js:5062:19)
  run (C:\olivia.hi\10.study\focus-tree-native\node_modules\react-dom\cjs\react-dom-server-legacy.node.development.js:6017:39)
  retryNode (C:\olivia.hi\10.study\focus-tree-native\node_modules\react-dom\cjs\react-dom-server-legacy.node.development.js:6417:31)
  renderNodeDestructive (C:\olivia.hi\10.study\focus-tree-native\node_modules\react-dom\cjs\react-dom-server-legacy.node.development.js:6367:11)
"shadow*" style props are deprecated. Use "boxShadow".
λ  WARN  props.pointerEvents is deprecated. Use style.pointerEvents 
  console.warn (C:\olivia.hi\10.study\focus-tree-native\node_modules\expo\node_modules\@expo\cli\src\start\server\serverLogLikeMetro.ts:177:21)
  warnOnce (C:\olivia.hi\10.study\focus-tree-native\node_modules\react-native-web\dist\modules\warnOnce\index.js:24:13)
  createDOMProps (C:\olivia.hi\10.study\focus-tree-native\node_modules\react-native-web\dist\modules\createDOMProps\index.js:805:13)
  createElement (C:\olivia.hi\10.study\focus-tree-native\node_modules\react-native-web\dist\exports\createElement\index.js:23:32)
  Component (C:\olivia.hi\10.study\focus-tree-native\node_modules\react-native-web\dist\exports\View\index.js:111:23)
  Object.callComponentInDEV [as react_stack_bottom_frame] (C:\olivia.hi\10.study\focus-tree-native\node_modules\react-dom\cjs\react-dom-server-legacy.node.development.js:9808:18)
  renderWithHooks (C:\olivia.hi\10.study\focus-tree-native\node_modules\react-dom\cjs\react-dom-server-legacy.node.development.js:5062:19)
  run (C:\olivia.hi\10.study\focus-tree-native\node_modules\react-dom\cjs\react-dom-server-legacy.node.development.js:6017:39)
  retryNode (C:\olivia.hi\10.study\focus-tree-native\node_modules\react-dom\cjs\react-dom-server-legacy.node.development.js:6417:31)
  renderNodeDestructive (C:\olivia.hi\10.study\focus-tree-native\node_modules\react-dom\cjs\react-dom-server-legacy.node.development.js:6367:11)
"shadow*" style props are deprecated. Use "boxShadow".
λ  WARN  props.pointerEvents is deprecated. Use style.pointerEvents 
  console.warn (C:\olivia.hi\10.study\focus-tree-native\node_modules\expo\node_modules\@expo\cli\src\start\server\serverLogLikeMetro.ts:177:21)
  warnOnce (C:\olivia.hi\10.study\focus-tree-native\node_modules\react-native-web\dist\modules\warnOnce\index.js:24:13)
  createDOMProps (C:\olivia.hi\10.study\focus-tree-native\node_modules\react-native-web\dist\modules\createDOMProps\index.js:805:13)
  createElement (C:\olivia.hi\10.study\focus-tree-native\node_modules\react-native-web\dist\exports\createElement\index.js:23:32)
  Component (C:\olivia.hi\10.study\focus-tree-native\node_modules\react-native-web\dist\exports\View\index.js:111:23)
  Object.callComponentInDEV [as react_stack_bottom_frame] (C:\olivia.hi\10.study\focus-tree-native\node_modules\react-dom\cjs\react-dom-server-legacy.node.development.js:9808:18)
  renderWithHooks (C:\olivia.hi\10.study\focus-tree-native\node_modules\react-dom\cjs\react-dom-server-legacy.node.development.js:5062:19)
  run (C:\olivia.hi\10.study\focus-tree-native\node_modules\react-dom\cjs\react-dom-server-legacy.node.development.js:6017:39)
  retryNode (C:\olivia.hi\10.study\focus-tree-native\node_modules\react-dom\cjs\react-dom-server-legacy.node.development.js:6417:31)
  renderNodeDestructive (C:\olivia.hi\10.study\focus-tree-native\node_modules\react-dom\cjs\react-dom-server-legacy.node.development.js:6367:11)
"shadow*" style props are deprecated. Use "boxShadow".
"shadow*" style props are deprecated. Use "boxShadow".
λ  WARN  props.pointerEvents is deprecated. Use style.pointerEvents 
  console.warn (C:\olivia.hi\10.study\focus-tree-native\node_modules\expo\node_modules\@expo\cli\src\start\server\serverLogLikeMetro.ts:177:21)
  warnOnce (C:\olivia.hi\10.study\focus-tree-native\node_modules\react-native-web\dist\modules\warnOnce\index.js:24:13)
  createDOMProps (C:\olivia.hi\10.study\focus-tree-native\node_modules\react-native-web\dist\modules\createDOMProps\index.js:805:13)
  createElement (C:\olivia.hi\10.study\focus-tree-native\node_modules\react-native-web\dist\exports\createElement\index.js:23:32)
  stringToPrecomputedChunk (C:\olivia.hi\10.study\focus-tree-native\node_modules\react-native-web\dist\exports\View\index.js:111:23)
  Object.react_stack_bottom_frame (C:\olivia.hi\10.study\focus-tree-native\node_modules\react-dom\cjs\react-dom-server.node.development.js:267:14)
  renderWithHooks (C:\olivia.hi\10.study\focus-tree-native\node_modules\react-dom\cjs\react-dom-server-legacy.node.development.js:5629:20)
  renderElement (C:\olivia.hi\10.study\focus-tree-native\node_modules\react-dom\cjs\react-dom-server-legacy.node.development.js:6447:33)
  retryNode (C:\olivia.hi\10.study\focus-tree-native\node_modules\react-dom\cjs\react-dom-server-legacy.node.development.js:6887:70)
  renderNodeDestructive (C:\olivia.hi\10.study\focus-tree-native\node_modules\react-dom\cjs\react-dom-server-legacy.node.development.js:6852:31)
"shadow*" style props are deprecated. Use "boxShadow".
λ  WARN  props.pointerEvents is deprecated. Use style.pointerEvents 
  console.warn (C:\olivia.hi\10.study\focus-tree-native\node_modules\expo\node_modules\@expo\cli\src\start\server\serverLogLikeMetro.ts:177:21)
  warnOnce (C:\olivia.hi\10.study\focus-tree-native\node_modules\react-native-web\dist\modules\warnOnce\index.js:24:13)
  createDOMProps (C:\olivia.hi\10.study\focus-tree-native\node_modules\react-native-web\dist\modules\createDOMProps\index.js:805:13)
  createElement (C:\olivia.hi\10.study\focus-tree-native\node_modules\react-native-web\dist\exports\createElement\index.js:23:32)
  stringToPrecomputedChunk (C:\olivia.hi\10.study\focus-tree-native\node_modules\react-native-web\dist\exports\View\index.js:111:23)
  Object.react_stack_bottom_frame (C:\olivia.hi\10.study\focus-tree-native\node_modules\react-dom\cjs\react-dom-server.node.development.js:267:14)
  renderWithHooks (C:\olivia.hi\10.study\focus-tree-native\node_modules\react-dom\cjs\react-dom-server-legacy.node.development.js:5629:20)
  renderElement (C:\olivia.hi\10.study\focus-tree-native\node_modules\react-dom\cjs\react-dom-server-legacy.node.development.js:6447:33)
  retryNode (C:\olivia.hi\10.study\focus-tree-native\node_modules\react-dom\cjs\react-dom-server-legacy.node.development.js:6887:70)
  renderNodeDestructive (C:\olivia.hi\10.study\focus-tree-native\node_modules\react-dom\cjs\react-dom-server-legacy.node.development.js:6852:31)
"shadow*" style props are deprecated. Use "boxShadow".
λ  WARN  props.pointerEvents is deprecated. Use style.pointerEvents 
  console.warn (C:\olivia.hi\10.study\focus-tree-native\node_modules\expo\node_modules\@expo\cli\src\start\server\serverLogLikeMetro.ts:177:21)
  warnOnce (C:\olivia.hi\10.study\focus-tree-native\node_modules\react-native-web\dist\modules\warnOnce\index.js:24:13)
  createDOMProps (C:\olivia.hi\10.study\focus-tree-native\node_modules\react-native-web\dist\modules\createDOMProps\index.js:805:13)
  createElement (C:\olivia.hi\10.study\focus-tree-native\node_modules\react-native-web\dist\exports\createElement\index.js:23:32)
  textEncoder (C:\olivia.hi\10.study\focus-tree-native\node_modules\react-native-web\dist\exports\View\index.js:111:23)
  Object.react_stack_bottom_frame (C:\olivia.hi\10.study\focus-tree-native\node_modules\react-dom\cjs\react-dom-server.node.development.js:268:17)
  renderWithHooks (C:\olivia.hi\10.study\focus-tree-native\node_modules\react-dom\cjs\react-dom-server-legacy.node.development.js:5630:20)
  renderElement (C:\olivia.hi\10.study\focus-tree-native\node_modules\react-dom\cjs\react-dom-server-legacy.node.development.js:6448:31)
  retryNode (C:\olivia.hi\10.study\focus-tree-native\node_modules\react-dom\cjs\react-dom-server-legacy.node.development.js:6888:45)
  renderNodeDestructive (C:\olivia.hi\10.study\focus-tree-native\node_modules\react-dom\cjs\react-dom-server-legacy.node.development.js:6860:13)
"shadow*" style props are deprecated. Use "boxShadow".
λ  WARN  props.pointerEvents is deprecated. Use style.pointerEvents 
  console.warn (C:\olivia.hi\10.study\focus-tree-native\node_modules\expo\node_modules\@expo\cli\src\start\server\serverLogLikeMetro.ts:177:21)
  warnOnce (C:\olivia.hi\10.study\focus-tree-native\node_modules\react-native-web\dist\modules\warnOnce\index.js:24:13)
  createDOMProps (C:\olivia.hi\10.study\focus-tree-native\node_modules\react-native-web\dist\modules\createDOMProps\index.js:805:13)
  createElement (C:\olivia.hi\10.study\focus-tree-native\node_modules\react-native-web\dist\exports\createElement\index.js:23:32)
  textEncoder (C:\olivia.hi\10.study\focus-tree-native\node_modules\react-native-web\dist\exports\View\index.js:111:23)
  Object.react_stack_bottom_frame (C:\olivia.hi\10.study\focus-tree-native\node_modules\react-dom\cjs\react-dom-server.node.development.js:268:17)
  renderWithHooks (C:\olivia.hi\10.study\focus-tree-native\node_modules\react-dom\cjs\react-dom-server-legacy.node.development.js:5630:20)
  renderElement (C:\olivia.hi\10.study\focus-tree-native\node_modules\react-dom\cjs\react-dom-server-legacy.node.development.js:6448:31)
  retryNode (C:\olivia.hi\10.study\focus-tree-native\node_modules\react-dom\cjs\react-dom-server-legacy.node.development.js:6888:45)
  renderNodeDestructive (C:\olivia.hi\10.study\focus-tree-native\node_modules\react-dom\cjs\react-dom-server-legacy.node.development.js:6860:13)
"shadow*" style props are deprecated. Use "boxShadow".
λ  WARN  props.pointerEvents is deprecated. Use style.pointerEvents 
  console.warn (C:\olivia.hi\10.study\focus-tree-native\node_modules\expo\node_modules\@expo\cli\src\start\server\serverLogLikeMetro.ts:177:21)
  warnOnce (C:\olivia.hi\10.study\focus-tree-native\node_modules\react-native-web\dist\modules\warnOnce\index.js:24:13)
  createDOMProps (C:\olivia.hi\10.study\focus-tree-native\node_modules\react-native-web\dist\modules\createDOMProps\index.js:805:13)
  createElement (C:\olivia.hi\10.study\focus-tree-native\node_modules\react-native-web\dist\exports\createElement\index.js:23:32)
  View (C:\olivia.hi\10.study\focus-tree-native\node_modules\react-native-web\dist\exports\View\index.js:111:23)
  Object.isArrayImpl [as react_stack_bottom_frame] (C:\olivia.hi\10.study\focus-tree-native\node_modules\react-dom\cjs\react-dom-server.node.development.js:440:9)
  getThrownInfo (C:\olivia.hi\10.study\focus-tree-native\node_modules\react-dom\cjs\react-dom-server-legacy.node.development.js:5706:21)
  renderElement (C:\olivia.hi\10.study\focus-tree-native\node_modules\react-dom\cjs\react-dom-server-legacy.node.development.js:6615:32)
  retryNode (C:\olivia.hi\10.study\focus-tree-native\node_modules\react-dom\cjs\react-dom-server-legacy.node.development.js:6995:43)
  renderNodeDestructive (C:\olivia.hi\10.study\focus-tree-native\node_modules\react-dom\cjs\react-dom-server-legacy.node.development.js:6955:37)
"shadow*" style props are deprecated. Use "boxShadow".
λ  WARN  props.pointerEvents is deprecated. Use style.pointerEvents 
  console.warn (C:\olivia.hi\10.study\focus-tree-native\node_modules\expo\node_modules\@expo\cli\src\start\server\serverLogLikeMetro.ts:177:21)
  warnOnce (C:\olivia.hi\10.study\focus-tree-native\node_modules\react-native-web\dist\modules\warnOnce\index.js:24:13)
  createDOMProps (C:\olivia.hi\10.study\focus-tree-native\node_modules\react-native-web\dist\modules\createDOMProps\index.js:805:13)
  createElement (C:\olivia.hi\10.study\focus-tree-native\node_modules\react-native-web\dist\exports\createElement\index.js:23:32)
  View (C:\olivia.hi\10.study\focus-tree-native\node_modules\react-native-web\dist\exports\View\index.js:111:23)
  Object.isArrayImpl [as react_stack_bottom_frame] (C:\olivia.hi\10.study\focus-tree-native\node_modules\react-dom\cjs\react-dom-server.node.development.js:440:9)
  getThrownInfo (C:\olivia.hi\10.study\focus-tree-native\node_modules\react-dom\cjs\react-dom-server-legacy.node.development.js:5706:21)
  renderElement (C:\olivia.hi\10.study\focus-tree-native\node_modules\react-dom\cjs\react-dom-server-legacy.node.development.js:6615:32)
  retryNode (C:\olivia.hi\10.study\focus-tree-native\node_modules\react-dom\cjs\react-dom-server-legacy.node.development.js:6995:43)
  renderNodeDestructive (C:\olivia.hi\10.study\focus-tree-native\node_modules\react-dom\cjs\react-dom-server-legacy.node.development.js:6955:37)
"shadow*" style props are deprecated. Use "boxShadow".
λ  WARN  props.pointerEvents is deprecated. Use style.pointerEvents 
  console.warn (C:\olivia.hi\10.study\focus-tree-native\node_modules\expo\node_modules\@expo\cli\src\start\server\serverLogLikeMetro.ts:177:21)
  warnOnce (C:\olivia.hi\10.study\focus-tree-native\node_modules\react-native-web\dist\modules\warnOnce\index.js:24:13)
  createDOMProps (C:\olivia.hi\10.study\focus-tree-native\node_modules\react-native-web\dist\modules\createDOMProps\index.js:805:13)
  createElement (C:\olivia.hi\10.study\focus-tree-native\node_modules\react-native-web\dist\exports\createElement\index.js:23:32)
  pushBooleanAttribute (C:\olivia.hi\10.study\focus-tree-native\node_modules\react-native-web\dist\exports\View\index.js:111:23)
  Object.replayNodes [as react_stack_bottom_frame] (C:\olivia.hi\10.study\focus-tree-native\node_modules\react-dom\cjs\react-dom-server.node.development.js:1243:14)
  renderWithHooks (C:\olivia.hi\10.study\focus-tree-native\node_modules\react-dom\cjs\react-dom-server-legacy.node.development.js:6592:22)
  renderElement (C:\olivia.hi\10.study\focus-tree-native\node_modules\react-dom\cjs\react-dom-server-legacy.node.development.js:7414:37)
  retryNode (C:\olivia.hi\10.study\focus-tree-native\node_modules\react-dom\cjs\react-dom-server-legacy.node.development.js:7845:38)
  renderNodeDestructive (C:\olivia.hi\10.study\focus-tree-native\node_modules\react-dom\cjs\react-dom-server-legacy.node.development.js:7810:8)
"shadow*" style props are deprecated. Use "boxShadow".
λ  WARN  props.pointerEvents is deprecated. Use style.pointerEvents 
  console.warn (C:\olivia.hi\10.study\focus-tree-native\node_modules\expo\node_modules\@expo\cli\src\start\server\serverLogLikeMetro.ts:177:21)
  warnOnce (C:\olivia.hi\10.study\focus-tree-native\node_modules\react-native-web\dist\modules\warnOnce\index.js:24:13)
  createDOMProps (C:\olivia.hi\10.study\focus-tree-native\node_modules\react-native-web\dist\modules\createDOMProps\index.js:805:13)
  createElement (C:\olivia.hi\10.study\focus-tree-native\node_modules\react-native-web\dist\exports\createElement\index.js:23:32)
  pushBooleanAttribute (C:\olivia.hi\10.study\focus-tree-native\node_modules\react-native-web\dist\exports\View\index.js:111:23)
  Object.replayNodes [as react_stack_bottom_frame] (C:\olivia.hi\10.study\focus-tree-native\node_modules\react-dom\cjs\react-dom-server.node.development.js:1243:14)
  renderWithHooks (C:\olivia.hi\10.study\focus-tree-native\node_modules\react-dom\cjs\react-dom-server-legacy.node.development.js:6592:22)
  renderElement (C:\olivia.hi\10.study\focus-tree-native\node_modules\react-dom\cjs\react-dom-server-legacy.node.development.js:7414:37)
  retryNode (C:\olivia.hi\10.study\focus-tree-native\node_modules\react-dom\cjs\react-dom-server-legacy.node.development.js:7845:38)
  renderNodeDestructive (C:\olivia.hi\10.study\focus-tree-native\node_modules\react-dom\cjs\react-dom-server-legacy.node.development.js:7810:8)
"shadow*" style props are deprecated. Use "boxShadow".
λ  WARN  props.pointerEvents is deprecated. Use style.pointerEvents 
  console.warn (C:\olivia.hi\10.study\focus-tree-native\node_modules\expo\node_modules\@expo\cli\src\start\server\serverLogLikeMetro.ts:177:21)
  warnOnce (C:\olivia.hi\10.study\focus-tree-native\node_modules\react-native-web\dist\modules\warnOnce\index.js:24:13)
  createDOMProps (C:\olivia.hi\10.study\focus-tree-native\node_modules\react-native-web\dist\modules\createDOMProps\index.js:805:13)
  createElement (C:\olivia.hi\10.study\focus-tree-native\node_modules\react-native-web\dist\exports\createElement\index.js:23:32)
  pushBooleanAttribute (C:\olivia.hi\10.study\focus-tree-native\node_modules\react-native-web\dist\exports\View\index.js:111:23)
  Object.replayNodes [as react_stack_bottom_frame] (C:\olivia.hi\10.study\focus-tree-native\node_modules\react-dom\cjs\react-dom-server.node.development.js:1243:14)
  renderWithHooks (C:\olivia.hi\10.study\focus-tree-native\node_modules\react-dom\cjs\react-dom-server-legacy.node.development.js:6592:22)
  renderElement (C:\olivia.hi\10.study\focus-tree-native\node_modules\react-dom\cjs\react-dom-server-legacy.node.development.js:7414:37)
  retryNode (C:\olivia.hi\10.study\focus-tree-native\node_modules\react-dom\cjs\react-dom-server-legacy.node.development.js:7845:38)
  renderNodeDestructive (C:\olivia.hi\10.study\focus-tree-native\node_modules\react-dom\cjs\react-dom-server-legacy.node.development.js:7810:8)
"shadow*" style props are deprecated. Use "boxShadow".
"shadow*" style props are deprecated. Use "boxShadow".
λ  WARN  props.pointerEvents is deprecated. Use style.pointerEvents 
  console.warn (C:\olivia.hi\10.study\focus-tree-native\node_modules\expo\node_modules\@expo\cli\src\start\server\serverLogLikeMetro.ts:177:21)
  warnOnce (C:\olivia.hi\10.study\focus-tree-native\node_modules\react-native-web\dist\modules\warnOnce\index.js:24:13)
  createDOMProps (C:\olivia.hi\10.study\focus-tree-native\node_modules\react-native-web\dist\modules\createDOMProps\index.js:805:13)
  createElement (C:\olivia.hi\10.study\focus-tree-native\node_modules\react-native-web\dist\exports\createElement\index.js:23:32)
  pushStringAttribute (C:\olivia.hi\10.study\focus-tree-native\node_modules\react-native-web\dist\exports\View\index.js:111:23)
  Object.switchContext [as react_stack_bottom_frame] (C:\olivia.hi\10.study\focus-tree-native\node_modules\react-dom\cjs\react-dom-server.node.development.js:1547:11)
  destination (C:\olivia.hi\10.study\focus-tree-native\node_modules\react-dom\cjs\react-dom-server-legacy.node.development.js:6931:15)
  renderElement (C:\olivia.hi\10.study\focus-tree-native\node_modules\react-dom\cjs\react-dom-server-legacy.node.development.js:7793:29)
  retryNode (C:\olivia.hi\10.study\focus-tree-native\node_modules\react-dom\cjs\react-dom-server-legacy.node.development.js:8135:13)
  renderNodeDestructive (C:\olivia.hi\10.study\focus-tree-native\node_modules\react-dom\cjs\react-dom-server-legacy.node.development.js:8104:65)
"shadow*" style props are deprecated. Use "boxShadow".
λ  WARN  props.pointerEvents is deprecated. Use style.pointerEvents 
  console.warn (C:\olivia.hi\10.study\focus-tree-native\node_modules\expo\node_modules\@expo\cli\src\start\server\serverLogLikeMetro.ts:177:21)
  warnOnce (C:\olivia.hi\10.study\focus-tree-native\node_modules\react-native-web\dist\modules\warnOnce\index.js:24:13)
  createDOMProps (C:\olivia.hi\10.study\focus-tree-native\node_modules\react-native-web\dist\modules\createDOMProps\index.js:805:13)
  createElement (C:\olivia.hi\10.study\focus-tree-native\node_modules\react-native-web\dist\exports\createElement\index.js:23:32)
  pushStringAttribute (C:\olivia.hi\10.study\focus-tree-native\node_modules\react-native-web\dist\exports\View\index.js:111:23)
  Object.switchContext [as react_stack_bottom_frame] (C:\olivia.hi\10.study\focus-tree-native\node_modules\react-dom\cjs\react-dom-server.node.development.js:1547:11)
  destination (C:\olivia.hi\10.study\focus-tree-native\node_modules\react-dom\cjs\react-dom-server-legacy.node.development.js:6931:15)
  renderElement (C:\olivia.hi\10.study\focus-tree-native\node_modules\react-dom\cjs\react-dom-server-legacy.node.development.js:7793:29)
  retryNode (C:\olivia.hi\10.study\focus-tree-native\node_modules\react-dom\cjs\react-dom-server-legacy.node.development.js:8135:13)
  renderNodeDestructive (C:\olivia.hi\10.study\focus-tree-native\node_modules\react-dom\cjs\react-dom-server-legacy.node.development.js:8104:65)
"shadow*" style props are deprecated. Use "boxShadow".
λ  WARN  props.pointerEvents is deprecated. Use style.pointerEvents 
  console.warn (C:\olivia.hi\10.study\focus-tree-native\node_modules\expo\node_modules\@expo\cli\src\start\server\serverLogLikeMetro.ts:177:21)
  warnOnce (C:\olivia.hi\10.study\focus-tree-native\node_modules\react-native-web\dist\modules\warnOnce\index.js:24:13)
  createDOMProps (C:\olivia.hi\10.study\focus-tree-native\node_modules\react-native-web\dist\modules\createDOMProps\index.js:805:13)
  createElement (C:\olivia.hi\10.study\focus-tree-native\node_modules\react-native-web\dist\exports\createElement\index.js:23:32)
  pushStringAttribute (C:\olivia.hi\10.study\focus-tree-native\node_modules\react-native-web\dist\exports\View\index.js:111:23)
  Object.switchContext [as react_stack_bottom_frame] (C:\olivia.hi\10.study\focus-tree-native\node_modules\react-dom\cjs\react-dom-server.node.development.js:1547:11)
  destination (C:\olivia.hi\10.study\focus-tree-native\node_modules\react-dom\cjs\react-dom-server-legacy.node.development.js:6931:15)
  renderElement (C:\olivia.hi\10.study\focus-tree-native\node_modules\react-dom\cjs\react-dom-server-legacy.node.development.js:7793:29)
  retryNode (C:\olivia.hi\10.study\focus-tree-native\node_modules\react-dom\cjs\react-dom-server-legacy.node.development.js:8135:13)
  renderNodeDestructive (C:\olivia.hi\10.study\focus-tree-native\node_modules\react-dom\cjs\react-dom-server-legacy.node.development.js:8104:65)
"shadow*" style props are deprecated. Use "boxShadow".
λ  WARN  props.pointerEvents is deprecated. Use style.pointerEvents 
  console.warn (C:\olivia.hi\10.study\focus-tree-native\node_modules\expo\node_modules\@expo\cli\src\start\server\serverLogLikeMetro.ts:177:21)
  warnOnce (C:\olivia.hi\10.study\focus-tree-native\node_modules\react-native-web\dist\modules\warnOnce\index.js:24:13)
  createDOMProps (C:\olivia.hi\10.study\focus-tree-native\node_modules\react-native-web\dist\modules\createDOMProps\index.js:805:13)
  createElement (C:\olivia.hi\10.study\focus-tree-native\node_modules\react-native-web\dist\exports\createElement\index.js:23:32)
  pushStringAttribute (C:\olivia.hi\10.study\focus-tree-native\node_modules\react-native-web\dist\exports\View\index.js:111:23)
  Object.switchContext [as react_stack_bottom_frame] (C:\olivia.hi\10.study\focus-tree-native\node_modules\react-dom\cjs\react-dom-server.node.development.js:1547:11)
  destination (C:\olivia.hi\10.study\focus-tree-native\node_modules\react-dom\cjs\react-dom-server-legacy.node.development.js:6931:15)
  renderElement (C:\olivia.hi\10.study\focus-tree-native\node_modules\react-dom\cjs\react-dom-server-legacy.node.development.js:7793:29)
  retryNode (C:\olivia.hi\10.study\focus-tree-native\node_modules\react-dom\cjs\react-dom-server-legacy.node.development.js:8135:13)
  renderNodeDestructive (C:\olivia.hi\10.study\focus-tree-native\node_modules\react-dom\cjs\react-dom-server-legacy.node.development.js:8104:65)
"shadow*" style props are deprecated. Use "boxShadow".
λ  WARN  props.pointerEvents is deprecated. Use style.pointerEvents 
  console.warn (C:\olivia.hi\10.study\focus-tree-native\node_modules\expo\node_modules\@expo\cli\src\start\server\serverLogLikeMetro.ts:177:21)
  warnOnce (C:\olivia.hi\10.study\focus-tree-native\node_modules\react-native-web\dist\modules\warnOnce\index.js:24:13)
  createDOMProps (C:\olivia.hi\10.study\focus-tree-native\node_modules\react-native-web\dist\modules\createDOMProps\index.js:805:13)
  createElement (C:\olivia.hi\10.study\focus-tree-native\node_modules\react-native-web\dist\exports\createElement\index.js:23:32)
  pushStringAttribute (C:\olivia.hi\10.study\focus-tree-native\node_modules\react-native-web\dist\exports\View\index.js:111:23)
  Object.switchContext [as react_stack_bottom_frame] (C:\olivia.hi\10.study\focus-tree-native\node_modules\react-dom\cjs\react-dom-server.node.development.js:1547:11)
  destination (C:\olivia.hi\10.study\focus-tree-native\node_modules\react-dom\cjs\react-dom-server-legacy.node.development.js:6931:15)
  renderElement (C:\olivia.hi\10.study\focus-tree-native\node_modules\react-dom\cjs\react-dom-server-legacy.node.development.js:7793:29)
  retryNode (C:\olivia.hi\10.study\focus-tree-native\node_modules\react-dom\cjs\react-dom-server-legacy.node.development.js:8135:13)
  renderNodeDestructive (C:\olivia.hi\10.study\focus-tree-native\node_modules\react-dom\cjs\react-dom-server-legacy.node.development.js:8104:65)
"shadow*" style props are deprecated. Use "boxShadow".
"shadow*" style props are deprecated. Use "boxShadow".
λ  WARN  props.pointerEvents is deprecated. Use style.pointerEvents 
  console.warn (C:\olivia.hi\10.study\focus-tree-native\node_modules\expo\node_modules\@expo\cli\src\start\server\serverLogLikeMetro.ts:177:21)
  warnOnce (C:\olivia.hi\10.study\focus-tree-native\node_modules\react-native-web\dist\modules\warnOnce\index.js:24:13)
  createDOMProps (C:\olivia.hi\10.study\focus-tree-native\node_modules\react-native-web\dist\modules\createDOMProps\index.js:805:13)
  createElement (C:\olivia.hi\10.study\focus-tree-native\node_modules\react-native-web\dist\exports\createElement\index.js:23:32)
  pushStringAttribute (C:\olivia.hi\10.study\focus-tree-native\node_modules\react-native-web\dist\exports\View\index.js:111:23)
  Object.switchContext [as react_stack_bottom_frame] (C:\olivia.hi\10.study\focus-tree-native\node_modules\react-dom\cjs\react-dom-server.node.development.js:1547:11)
  destination (C:\olivia.hi\10.study\focus-tree-native\node_modules\react-dom\cjs\react-dom-server-legacy.node.development.js:6931:15)
  renderElement (C:\olivia.hi\10.study\focus-tree-native\node_modules\react-dom\cjs\react-dom-server-legacy.node.development.js:7793:29)
  retryNode (C:\olivia.hi\10.study\focus-tree-native\node_modules\react-dom\cjs\react-dom-server-legacy.node.development.js:8135:13)
  renderNodeDestructive (C:\olivia.hi\10.study\focus-tree-native\node_modules\react-dom\cjs\react-dom-server-legacy.node.development.js:8104:65)
