Starting project at C:\olivia.hi\10.study\focus-tree-native
Using src/app as the root directory for Expo Router.
React Compiler enabled
Starting Metro Bundler

warning: Bundler cache is empty, rebuilding (this may take a minute)
Tunnel connected.
Tunnel ready.
Waiting on http://localhost:8081
Logs for your project will appear below.
Web node_modules\expo-router\entry.js ░░░░░░░░░░░░░░░░  0.0% (0/1)
Web node_modules\expo-router\entry.js ▓▓░░░░░░░░░░░░░░ 16.0% ( 4/10)
λ node_modules\expo\node_modules\@expo\cli\node_modules\@expo\router-server\node\render.js ▓▓▓▓▓░░░░░░░░░░░ 33.0% (35/70)
Web node_modules\expo-router\entry.js ▓▓▓▓▓░░░░░░░░░░░ 36.0% (18/94)
λ node_modules\expo\node_modules\@expo\cli\node_modules\@expo\router-server\node\render.js ▓▓▓▓▓░░░░░░░░░░░ 33.0% (262/468)
Web node_modules\expo-router\entry.js ▓▓▓▓▓░░░░░░░░░░░ 36.4% (198/328)
λ node_modules\expo\node_modules\@expo\cli\node_modules\@expo\router-server\node\render.js ▓▓▓▓▓▓▓▓░░░░░░░░ 50.9% (516/723)
Web node_modules\expo-router\entry.js ▓▓▓▓▓▓░░░░░░░░░░ 41.2% (326/508)
λ node_modules\expo\node_modules\@expo\cli\node_modules\@expo\router-server\node\render.js ▓▓▓▓▓▓▓▓▓▓▓░░░░░ 74.7% (823/952)
Web node_modules\expo-router\entry.js ▓▓▓▓▓▓▓▓▓▓▓░░░░░ 72.0% (678/810)
λ node_modules\expo\node_modules\@expo\cli\node_modules\@expo\router-server\node\render.js ▓▓▓▓▓▓▓▓▓▓▓▓▓▓░░ 89.9% (1057/1115)
λ Bundled 20989ms node_modules\expo\node_modules\@expo\cli\node_modules\@expo\router-server\node\render.js (1248 modules)
Web node_modules\expo-router\entry.js ▓▓▓▓▓▓▓▓▓▓▓▓▓▓▓░ 98.1% (1216/1228)
Web Bundled 23078ms node_modules\expo-router\entry.js (1230 modules)
Web node_modules\expo-router\entry.js ▓▓▓▓▓▓▓▓░░░░░░░░ 52.0% (496/688)
Web Bundled 4338ms node_modules\expo-router\entry.js (1231 modules)
 LOG  [web] Logs will appear in the browser console
Web node_modules\expo-router\entry.js ░░░░░░░░░░░░░░░░  0.0% (0/1)
λ Bundled 2011ms node_modules\expo\node_modules\@expo\cli\node_modules\@expo\router-server\node\render.js (1 module)
Web Bundled 3324ms node_modules\expo-router\entry.js (1 module)
Web Bundled 56ms node_modules\expo-router\entry.js (1 module)
 LOG  [web] Logs will appear in the browser console
Tunnel connection has been closed. This is often related to intermittent connection issues between the dev server and ngrok. Restart the dev server to try connecting to ngrok again.
Check the Ngrok status page for outages: https://status.ngrok.com/
Tunnel connected.
Web node_modules\expo-router\entry.js ░░░░░░░░░░░░░░░░  0.0% (0/1)
λ Bundled 2913ms node_modules\expo\node_modules\@expo\cli\node_modules\@expo\router-server\node\render.js (1 module)
Web node_modules\expo-router\entry.js ░░░░░░░░░░░░░░░░  0.0% (0/1)
Web Bundled 4329ms node_modules\expo-router\entry.js (1 module)
Web node_modules\expo-router\entry.js ░░░░░░░░░░░░░░░░  0.0% (0/1)
λ Bundled 97ms node_modules\expo\node_modules\@expo\cli\node_modules\@expo\router-server\node\render.js (1 module)
Web Bundled 1493ms node_modules\expo-router\entry.js (1 module)
Web Bundled 1541ms node_modules\expo-router\entry.js (1 module)
 LOG  [web] Logs will appear in the browser console
Web node_modules\expo-router\entry.js ░░░░░░░░░░░░░░░░  0.0% (0/1)
λ Bundled 336ms node_modules\expo\node_modules\@expo\cli\node_modules\@expo\router-server\node\render.js (1 module)
Web Bundled 1299ms node_modules\expo-router\entry.js (1 module)
Web Bundled 44ms node_modules\expo-router\entry.js (1 module)
 LOG  [web] Logs will appear in the browser console
Web node_modules\expo-router\entry.js ░░░░░░░░░░░░░░░░  0.0% (0/1)
λ Bundled 2173ms node_modules\expo\node_modules\@expo\cli\node_modules\@expo\router-server\node\render.js (1 module)
Web node_modules\expo-router\entry.js ░░░░░░░░░░░░░░░░  0.0% (0/1)
Web Bundled 3752ms node_modules\expo-router\entry.js (1 module)
Web node_modules\expo-router\entry.js ░░░░░░░░░░░░░░░░  0.0% (0/1)
λ Bundled 34ms node_modules\expo\node_modules\@expo\cli\node_modules\@expo\router-server\node\render.js (1 module)
Web Bundled 1557ms node_modules\expo-router\entry.js (1 module)
Web Bundled 127ms node_modules\expo-router\entry.js (1 module)
 LOG  [web] Logs will appear in the browser console
Web node_modules\expo-router\entry.js ░░░░░░░░░░░░░░░░  0.0% (0/1)
λ Bundled 43ms node_modules\expo\node_modules\@expo\cli\node_modules\@expo\router-server\node\render.js (1 module)
Web Bundled 1540ms node_modules\expo-router\entry.js (1 module)
Web Bundled 51ms node_modules\expo-router\entry.js (1 module)
 LOG  [web] Logs will appear in the browser console
Web node_modules\expo-router\entry.js ░░░░░░░░░░░░░░░░  0.0% (0/1)
λ Bundled 39ms node_modules\expo\node_modules\@expo\cli\node_modules\@expo\router-server\node\render.js (1 module)
Web Bundled 1435ms node_modules\expo-router\entry.js (1 module)
Web Bundled 49ms node_modules\expo-router\entry.js (1 module)
Web node_modules\expo-router\entry.js ░░░░░░░░░░░░░░░░  0.0% (0/1)
λ Bundled 51ms node_modules\expo\node_modules\@expo\cli\node_modules\@expo\router-server\node\render.js (1 module)
Web Bundled 1538ms node_modules\expo-router\entry.js (1 module)
Web Bundled 41ms node_modules\expo-router\entry.js (1 module)
 LOG  [web] Logs will appear in the browser console
Web node_modules\expo-router\entry.js ░░░░░░░░░░░░░░░░  0.0% (0/1)
λ Bundled 47ms node_modules\expo\node_modules\@expo\cli\node_modules\@expo\router-server\node\render.js (1 module)
Web Bundled 1477ms node_modules\expo-router\entry.js (1 module)
Web Bundled 38ms node_modules\expo-router\entry.js (1 module)
 LOG  [web] Logs will appear in the browser console
Web node_modules\expo-router\entry.js ░░░░░░░░░░░░░░░░  0.0% (0/1)
λ Bundled 245ms node_modules\expo\node_modules\@expo\cli\node_modules\@expo\router-server\node\render.js (1 module)
Web Bundled 723ms node_modules\expo-router\entry.js (1 module)
Web node_modules\expo-router\entry.js ░░░░░░░░░░░░░░░░  0.0% (0/1)
λ Bundled 1901ms node_modules\expo\node_modules\@expo\cli\node_modules\@expo\router-server\node\render.js (1 module)
Web Bundled 3479ms node_modules\expo-router\entry.js (1 module)
Web node_modules\expo-router\entry.js ░░░░░░░░░░░░░░░░  0.0% (0/1)
Web Bundled 38ms node_modules\expo-router\entry.js (1 module)
 LOG  [web] Logs will appear in the browser console
Web node_modules\expo-router\entry.js ░░░░░░░░░░░░░░░░  0.0% (0/1)
λ Bundled 64ms node_modules\expo\node_modules\@expo\cli\node_modules\@expo\router-server\node\render.js (1 module)
Web Bundled 1470ms node_modules\expo-router\entry.js (1 module)
Web Bundled 38ms node_modules\expo-router\entry.js (1 module)
 LOG  [web] Logs will appear in the browser console
Web node_modules\expo-router\entry.js ░░░░░░░░░░░░░░░░  0.0% (0/1)
λ Bundled 72ms node_modules\expo\node_modules\@expo\cli\node_modules\@expo\router-server\node\render.js (1 module)
Web Bundled 2643ms node_modules\expo-router\entry.js (1 module)
λ  WARN  Tab trigger 'explore' has the href '/explore' which points to a +not-found route. 
  console.warn (C:\olivia.hi\10.study\focus-tree-native\node_modules\expo\node_modules\@expo\cli\src\start\server\serverLogLikeMetro.ts:177:21)
  triggersToScreens (C:\olivia.hi\10.study\focus-tree-native\node_modules\expo-router\build\ui\common.js:49:25)
  useTabsWithTriggers (C:\olivia.hi\10.study\focus-tree-native\node_modules\expo-router\build\ui\Tabs.js:118:68)
  useTabsWithChildren (C:\olivia.hi\10.study\focus-tree-native\node_modules\expo-router\build\ui\Tabs.js:90:12)
  Component (C:\olivia.hi\10.study\focus-tree-native\node_modules\expo-router\build\ui\Tabs.js:56:35)
  Object.callComponentInDEV [as react_stack_bottom_frame] (C:\olivia.hi\10.study\focus-tree-native\node_modules\react-dom\cjs\react-dom-server-legacy.node.development.js:9808:18)
  renderWithHooks (C:\olivia.hi\10.study\focus-tree-native\node_modules\react-dom\cjs\react-dom-server-legacy.node.development.js:5062:19)
  run (C:\olivia.hi\10.study\focus-tree-native\node_modules\react-dom\cjs\react-dom-server-legacy.node.development.js:5497:23)
  retryNode (C:\olivia.hi\10.study\focus-tree-native\node_modules\react-dom\cjs\react-dom-server-legacy.node.development.js:6417:31)
  renderNodeDestructive (C:\olivia.hi\10.study\focus-tree-native\node_modules\react-dom\cjs\react-dom-server-legacy.node.development.js:6367:11)
Web Bundled 39ms node_modules\expo-router\entry.js (1 module)
 LOG  [web] Logs will appear in the browser console
Web node_modules\expo-router\entry.js ░░░░░░░░░░░░░░░░  0.0% (0/1)
λ Bundled 2646ms node_modules\expo\node_modules\@expo\cli\node_modules\@expo\router-server\node\render.js (1 module)
Web node_modules\expo-router\entry.js ░░░░░░░░░░░░░░░░  0.0% (0/1)
Web Bundled 4039ms node_modules\expo-router\entry.js (1 module)
Web Bundled 32ms node_modules\expo-router\entry.js (1 module)
 LOG  [web] Logs will appear in the browser console
Web node_modules\expo-router\entry.js ░░░░░░░░░░░░░░░░  0.0% (0/1)
λ Bundled 62ms node_modules\expo\node_modules\@expo\cli\node_modules\@expo\router-server\node\render.js (1 module)
Web Bundled 1500ms node_modules\expo-router\entry.js (1 module)
Web Bundled 40ms node_modules\expo-router\entry.js (1 module)
 LOG  [web] Logs will appear in the browser console
Web node_modules\expo-router\entry.js ░░░░░░░░░░░░░░░░  0.0% (0/1)
λ Bundled 45ms node_modules\expo\node_modules\@expo\cli\node_modules\@expo\router-server\node\render.js (1 module)
Web Bundled 1467ms node_modules\expo-router\entry.js (1 module)
Web Bundled 38ms node_modules\expo-router\entry.js (1 module)
 LOG  [web] Logs will appear in the browser console
Web node_modules\expo-router\entry.js ░░░░░░░░░░░░░░░░  0.0% (0/1)
λ Bundled 2574ms node_modules\expo\node_modules\@expo\cli\node_modules\@expo\router-server\node\render.js (1 module)
Web node_modules\expo-router\entry.js ░░░░░░░░░░░░░░░░  0.0% (0/1)
Web Bundled 3985ms node_modules\expo-router\entry.js (1 module)
Web Bundled 47ms node_modules\expo-router\entry.js (1 module)
 LOG  [web] Logs will appear in the browser console
Web node_modules\expo-router\entry.js ░░░░░░░░░░░░░░░░  0.0% (0/1)
λ Bundled 27ms node_modules\expo\node_modules\@expo\cli\node_modules\@expo\router-server\node\render.js (1 module)
Web Bundled 3803ms node_modules\expo-router\entry.js (1 module)
Web Bundled 2336ms node_modules\expo-router\entry.js (1 module)
 LOG  [web] Logs will appear in the browser console
Web node_modules\expo-router\entry.js ░░░░░░░░░░░░░░░░  0.0% (0/1)
λ Bundled 2527ms node_modules\expo\node_modules\@expo\cli\node_modules\@expo\router-server\node\render.js (1 module)
Web node_modules\expo-router\entry.js ░░░░░░░░░░░░░░░░  0.0% (0/1)
Web Bundled 4186ms node_modules\expo-router\entry.js (1 module)
Web node_modules\expo-router\entry.js ░░░░░░░░░░░░░░░░  0.0% (0/1)
λ Bundled 46ms node_modules\expo\node_modules\@expo\cli\node_modules\@expo\router-server\node\render.js (1 module)
Web Bundled 1452ms node_modules\expo-router\entry.js (1 module)
Web Bundled 36ms node_modules\expo-router\entry.js (1 module)
 LOG  [web] Logs will appear in the browser console
Tunnel connection has been closed. This is often related to intermittent connection issues between the dev server and ngrok. Restart the dev server to try connecting to ngrok again.
Check the Ngrok status page for outages: https://status.ngrok.com/
Tunnel connected.
Web node_modules\expo-router\entry.js ░░░░░░░░░░░░░░░░  0.0% (0/1)
λ Bundled 38ms node_modules\expo\node_modules\@expo\cli\node_modules\@expo\router-server\node\render.js (1 module)
Web Bundled 975ms node_modules\expo-router\entry.js (1 module)
Web Bundled 1310ms node_modules\expo-router\entry.js (1 module)
 LOG  [web] Logs will appear in the browser console
Web node_modules\expo-router\entry.js ░░░░░░░░░░░░░░░░  0.0% (0/1)
λ Bundled 1828ms node_modules\expo\node_modules\@expo\cli\node_modules\@expo\router-server\node\render.js (1 module)
Web node_modules\expo-router\entry.js ░░░░░░░░░░░░░░░░  0.0% (0/1)
Web Bundled 4488ms node_modules\expo-router\entry.js (1 module)
Web Bundled 72ms node_modules\expo-router\entry.js (1 module)
 LOG  [web] Logs will appear in the browser console
Web node_modules\expo-router\entry.js ░░░░░░░░░░░░░░░░  0.0% (0/1)
λ Bundled 2444ms node_modules\expo\node_modules\@expo\cli\node_modules\@expo\router-server\node\render.js (1 module)
Web node_modules\expo-router\entry.js ░░░░░░░░░░░░░░░░  0.0% (0/1)
"shadow*" style props are deprecated. Use "boxShadow".
λ  WARN  props.pointerEvents is deprecated. Use style.pointerEvents 
  console.warn (C:\olivia.hi\10.study\focus-tree-native\node_modules\expo\node_modules\@expo\cli\src\start\server\serverLogLikeMetro.ts:177:21)
  warnOnce (C:\olivia.hi\10.study\focus-tree-native\node_modules\react-native-web\dist\modules\warnOnce\index.js:24:13)
  createDOMProps (C:\olivia.hi\10.study\focus-tree-native\node_modules\react-native-web\dist\modules\createDOMProps\index.js:805:13)
  createElement (C:\olivia.hi\10.study\focus-tree-native\node_modules\react-native-web\dist\exports\createElement\index.js:23:32)
  hasPendingPreambles (C:\olivia.hi\10.study\focus-tree-native\node_modules\react-native-web\dist\exports\View\index.js:111:23)
  Object.react_stack_bottom_frame (C:\olivia.hi\10.study\focus-tree-native\node_modules\react-dom\cjs\react-dom-server-legacy.node.development.js:7648:16)
  renderWithHooks (C:\olivia.hi\10.study\focus-tree-native\node_modules\react-dom\cjs\react-dom-server-legacy.node.development.js:2620:24)
  renderElement (C:\olivia.hi\10.study\focus-tree-native\node_modules\react-dom\cjs\react-dom-server-legacy.node.development.js:3273:37)
  retryNode (C:\olivia.hi\10.study\focus-tree-native\node_modules\react-dom\cjs\react-dom-server-legacy.node.development.js:3567:44)
  renderNodeDestructive (C:\olivia.hi\10.study\focus-tree-native\node_modules\react-dom\cjs\react-dom-server-legacy.node.development.js:3549:54)
Web Bundled 6824ms node_modules\expo-router\entry.js (1 module)
Web node_modules\expo-router\entry.js ░░░░░░░░░░░░░░░░  0.0% (0/1)
λ Bundled 3202ms node_modules\expo\node_modules\@expo\cli\node_modules\@expo\router-server\node\render.js (1 module)
Web node_modules\expo-router\entry.js ░░░░░░░░░░░░░░░░  0.0% (0/1)
"shadow*" style props are deprecated. Use "boxShadow".
λ  WARN  props.pointerEvents is deprecated. Use style.pointerEvents 
  console.warn (C:\olivia.hi\10.study\focus-tree-native\node_modules\expo\node_modules\@expo\cli\src\start\server\serverLogLikeMetro.ts:177:21)
  warnOnce (C:\olivia.hi\10.study\focus-tree-native\node_modules\react-native-web\dist\modules\warnOnce\index.js:24:13)
  createDOMProps (C:\olivia.hi\10.study\focus-tree-native\node_modules\react-native-web\dist\modules\createDOMProps\index.js:805:13)
  createElement (C:\olivia.hi\10.study\focus-tree-native\node_modules\react-native-web\dist\exports\createElement\index.js:23:32)
  hasPendingPreambles (C:\olivia.hi\10.study\focus-tree-native\node_modules\react-native-web\dist\exports\View\index.js:111:23)
  Object.react_stack_bottom_frame (C:\olivia.hi\10.study\focus-tree-native\node_modules\react-dom\cjs\react-dom-server-legacy.node.development.js:7648:16)
  renderWithHooks (C:\olivia.hi\10.study\focus-tree-native\node_modules\react-dom\cjs\react-dom-server-legacy.node.development.js:2620:24)
  renderElement (C:\olivia.hi\10.study\focus-tree-native\node_modules\react-dom\cjs\react-dom-server-legacy.node.development.js:3273:37)
  retryNode (C:\olivia.hi\10.study\focus-tree-native\node_modules\react-dom\cjs\react-dom-server-legacy.node.development.js:3567:44)
  renderNodeDestructive (C:\olivia.hi\10.study\focus-tree-native\node_modules\react-dom\cjs\react-dom-server-legacy.node.development.js:3549:54)
Web Bundled 4729ms node_modules\expo-router\entry.js (1 module)
Web Bundled 587ms node_modules\expo-router\entry.js (1 module)
 LOG  [web] Logs will appear in the browser console
Web node_modules\expo-router\entry.js ░░░░░░░░░░░░░░░░  0.0% (0/1)
λ Bundled 41ms node_modules\expo\node_modules\@expo\cli\node_modules\@expo\router-server\node\render.js (1 module)
Web Bundled 1424ms node_modules\expo-router\entry.js (1 module)
"shadow*" style props are deprecated. Use "boxShadow".
λ  WARN  props.pointerEvents is deprecated. Use style.pointerEvents 
  console.warn (C:\olivia.hi\10.study\focus-tree-native\node_modules\expo\node_modules\@expo\cli\src\start\server\serverLogLikeMetro.ts:177:21)
  warnOnce (C:\olivia.hi\10.study\focus-tree-native\node_modules\react-native-web\dist\modules\warnOnce\index.js:24:13)
  createDOMProps (C:\olivia.hi\10.study\focus-tree-native\node_modules\react-native-web\dist\modules\createDOMProps\index.js:805:13)
  createElement (C:\olivia.hi\10.study\focus-tree-native\node_modules\react-native-web\dist\exports\createElement\index.js:23:32)
  hasPendingPreambles (C:\olivia.hi\10.study\focus-tree-native\node_modules\react-native-web\dist\exports\View\index.js:111:23)
  Object.react_stack_bottom_frame (C:\olivia.hi\10.study\focus-tree-native\node_modules\react-dom\cjs\react-dom-server-legacy.node.development.js:7648:16)
  renderWithHooks (C:\olivia.hi\10.study\focus-tree-native\node_modules\react-dom\cjs\react-dom-server-legacy.node.development.js:2620:24)
  renderElement (C:\olivia.hi\10.study\focus-tree-native\node_modules\react-dom\cjs\react-dom-server-legacy.node.development.js:3273:37)
  retryNode (C:\olivia.hi\10.study\focus-tree-native\node_modules\react-dom\cjs\react-dom-server-legacy.node.development.js:3567:44)
  renderNodeDestructive (C:\olivia.hi\10.study\focus-tree-native\node_modules\react-dom\cjs\react-dom-server-legacy.node.development.js:3549:54)
Web Bundled 40ms node_modules\expo-router\entry.js (1 module)
 LOG  [web] Logs will appear in the browser console
Web node_modules\expo-router\entry.js ░░░░░░░░░░░░░░░░  0.0% (0/1)
λ Bundled 112ms node_modules\expo\node_modules\@expo\cli\node_modules\@expo\router-server\node\render.js (1 module)
"shadow*" style props are deprecated. Use "boxShadow".
λ  WARN  props.pointerEvents is deprecated. Use style.pointerEvents 
  console.warn (C:\olivia.hi\10.study\focus-tree-native\node_modules\expo\node_modules\@expo\cli\src\start\server\serverLogLikeMetro.ts:177:21)
  warnOnce (C:\olivia.hi\10.study\focus-tree-native\node_modules\react-native-web\dist\modules\warnOnce\index.js:24:13)
  createDOMProps (C:\olivia.hi\10.study\focus-tree-native\node_modules\react-native-web\dist\modules\createDOMProps\index.js:805:13)
  createElement (C:\olivia.hi\10.study\focus-tree-native\node_modules\react-native-web\dist\exports\createElement\index.js:23:32)
  task (C:\olivia.hi\10.study\focus-tree-native\node_modules\react-native-web\dist\exports\View\index.js:111:23)
  Object.propKey$jscomp$3 [as react_stack_bottom_frame] (C:\olivia.hi\10.study\focus-tree-native\node_modules\react-dom\cjs\react-dom-server-legacy.node.development.js:6893:15)
  sizes (C:\olivia.hi\10.study\focus-tree-native\node_modules\react-dom\cjs\react-dom-server-legacy.node.development.js:1874:16)
  renderElement (C:\olivia.hi\10.study\focus-tree-native\node_modules\react-dom\cjs\react-dom-server-legacy.node.development.js:2716:35)
  retryNode (C:\olivia.hi\10.study\focus-tree-native\node_modules\react-dom\cjs\react-dom-server-legacy.node.development.js:3019:31)
  renderNodeDestructive (C:\olivia.hi\10.study\focus-tree-native\node_modules\react-dom\cjs\react-dom-server-legacy.node.development.js:2999:25)
Web Bundled 1551ms node_modules\expo-router\entry.js (1 module)
Web Bundled 41ms node_modules\expo-router\entry.js (1 module)
 LOG  [web] Logs will appear in the browser console
Web node_modules\expo-router\entry.js ░░░░░░░░░░░░░░░░  0.0% (0/1)
λ Bundled 48ms node_modules\expo\node_modules\@expo\cli\node_modules\@expo\router-server\node\render.js (1 module)
"shadow*" style props are deprecated. Use "boxShadow".
λ  WARN  props.pointerEvents is deprecated. Use style.pointerEvents 
  console.warn (C:\olivia.hi\10.study\focus-tree-native\node_modules\expo\node_modules\@expo\cli\src\start\server\serverLogLikeMetro.ts:177:21)
  warnOnce (C:\olivia.hi\10.study\focus-tree-native\node_modules\react-native-web\dist\modules\warnOnce\index.js:24:13)
  createDOMProps (C:\olivia.hi\10.study\focus-tree-native\node_modules\react-native-web\dist\modules\createDOMProps\index.js:805:13)
  createElement (C:\olivia.hi\10.study\focus-tree-native\node_modules\react-native-web\dist\exports\createElement\index.js:23:32)
  task (C:\olivia.hi\10.study\focus-tree-native\node_modules\react-native-web\dist\exports\View\index.js:111:23)
  Object.propKey$jscomp$3 [as react_stack_bottom_frame] (C:\olivia.hi\10.study\focus-tree-native\node_modules\react-dom\cjs\react-dom-server-legacy.node.development.js:6893:15)
  sizes (C:\olivia.hi\10.study\focus-tree-native\node_modules\react-dom\cjs\react-dom-server-legacy.node.development.js:1874:16)
  renderElement (C:\olivia.hi\10.study\focus-tree-native\node_modules\react-dom\cjs\react-dom-server-legacy.node.development.js:2716:35)
  retryNode (C:\olivia.hi\10.study\focus-tree-native\node_modules\react-dom\cjs\react-dom-server-legacy.node.development.js:3019:31)
  renderNodeDestructive (C:\olivia.hi\10.study\focus-tree-native\node_modules\react-dom\cjs\react-dom-server-legacy.node.development.js:2999:25)
Web Bundled 1497ms node_modules\expo-router\entry.js (1 module)
Web node_modules\expo-router\entry.js ░░░░░░░░░░░░░░░░  0.0% (0/1)
λ Bundled 2064ms node_modules\expo\node_modules\@expo\cli\node_modules\@expo\router-server\node\render.js (1 module)
Web Bundled 3400ms node_modules\expo-router\entry.js (1 module)
"shadow*" style props are deprecated. Use "boxShadow".
λ  WARN  props.pointerEvents is deprecated. Use style.pointerEvents 
  console.warn (C:\olivia.hi\10.study\focus-tree-native\node_modules\expo\node_modules\@expo\cli\src\start\server\serverLogLikeMetro.ts:177:21)
  warnOnce (C:\olivia.hi\10.study\focus-tree-native\node_modules\react-native-web\dist\modules\warnOnce\index.js:24:13)
  createDOMProps (C:\olivia.hi\10.study\focus-tree-native\node_modules\react-native-web\dist\modules\createDOMProps\index.js:805:13)
  createElement (C:\olivia.hi\10.study\focus-tree-native\node_modules\react-native-web\dist\exports\createElement\index.js:23:32)
  task (C:\olivia.hi\10.study\focus-tree-native\node_modules\react-native-web\dist\exports\View\index.js:111:23)
  Object.propKey$jscomp$3 [as react_stack_bottom_frame] (C:\olivia.hi\10.study\focus-tree-native\node_modules\react-dom\cjs\react-dom-server-legacy.node.development.js:6893:15)
  sizes (C:\olivia.hi\10.study\focus-tree-native\node_modules\react-dom\cjs\react-dom-server-legacy.node.development.js:1874:16)
  renderElement (C:\olivia.hi\10.study\focus-tree-native\node_modules\react-dom\cjs\react-dom-server-legacy.node.development.js:2716:35)
  retryNode (C:\olivia.hi\10.study\focus-tree-native\node_modules\react-dom\cjs\react-dom-server-legacy.node.development.js:3019:31)
  renderNodeDestructive (C:\olivia.hi\10.study\focus-tree-native\node_modules\react-dom\cjs\react-dom-server-legacy.node.development.js:2999:25)
Web Bundled 31ms node_modules\expo-router\entry.js (1 module)
 LOG  [web] Logs will appear in the browser console
Web node_modules\expo-router\entry.js ░░░░░░░░░░░░░░░░  0.0% (0/1)
λ Bundled 79ms node_modules\expo\node_modules\@expo\cli\node_modules\@expo\router-server\node\render.js (1 module)
Web Bundled 1564ms node_modules\expo-router\entry.js (1 module)
"shadow*" style props are deprecated. Use "boxShadow".
λ  WARN  props.pointerEvents is deprecated. Use style.pointerEvents 
  console.warn (C:\olivia.hi\10.study\focus-tree-native\node_modules\expo\node_modules\@expo\cli\src\start\server\serverLogLikeMetro.ts:177:21)
  warnOnce (C:\olivia.hi\10.study\focus-tree-native\node_modules\react-native-web\dist\modules\warnOnce\index.js:24:13)
  createDOMProps (C:\olivia.hi\10.study\focus-tree-native\node_modules\react-native-web\dist\modules\createDOMProps\index.js:805:13)
  createElement (C:\olivia.hi\10.study\focus-tree-native\node_modules\react-native-web\dist\exports\createElement\index.js:23:32)
  task (C:\olivia.hi\10.study\focus-tree-native\node_modules\react-native-web\dist\exports\View\index.js:111:23)
  Object.propKey$jscomp$3 [as react_stack_bottom_frame] (C:\olivia.hi\10.study\focus-tree-native\node_modules\react-dom\cjs\react-dom-server-legacy.node.development.js:6893:15)
  sizes (C:\olivia.hi\10.study\focus-tree-native\node_modules\react-dom\cjs\react-dom-server-legacy.node.development.js:1874:16)
  renderElement (C:\olivia.hi\10.study\focus-tree-native\node_modules\react-dom\cjs\react-dom-server-legacy.node.development.js:2716:35)
  retryNode (C:\olivia.hi\10.study\focus-tree-native\node_modules\react-dom\cjs\react-dom-server-legacy.node.development.js:3019:31)
  renderNodeDestructive (C:\olivia.hi\10.study\focus-tree-native\node_modules\react-dom\cjs\react-dom-server-legacy.node.development.js:2999:25)
Web Bundled 46ms node_modules\expo-router\entry.js (1 module)
 LOG  [web] Logs will appear in the browser console
λ Bundled 39ms node_modules\expo\node_modules\@expo\cli\node_modules\@expo\router-server\node\render.js (1 module)
"shadow*" style props are deprecated. Use "boxShadow".
λ  WARN  props.pointerEvents is deprecated. Use style.pointerEvents 
  console.warn (C:\olivia.hi\10.study\focus-tree-native\node_modules\expo\node_modules\@expo\cli\src\start\server\serverLogLikeMetro.ts:177:21)
  warnOnce (C:\olivia.hi\10.study\focus-tree-native\node_modules\react-native-web\dist\modules\warnOnce\index.js:24:13)
  createDOMProps (C:\olivia.hi\10.study\focus-tree-native\node_modules\react-native-web\dist\modules\createDOMProps\index.js:805:13)
  createElement (C:\olivia.hi\10.study\focus-tree-native\node_modules\react-native-web\dist\exports\createElement\index.js:23:32)
  task (C:\olivia.hi\10.study\focus-tree-native\node_modules\react-native-web\dist\exports\View\index.js:111:23)
  Object.propKey$jscomp$3 [as react_stack_bottom_frame] (C:\olivia.hi\10.study\focus-tree-native\node_modules\react-dom\cjs\react-dom-server-legacy.node.development.js:6893:15)
  sizes (C:\olivia.hi\10.study\focus-tree-native\node_modules\react-dom\cjs\react-dom-server-legacy.node.development.js:1874:16)
  renderElement (C:\olivia.hi\10.study\focus-tree-native\node_modules\react-dom\cjs\react-dom-server-legacy.node.development.js:2716:35)
  retryNode (C:\olivia.hi\10.study\focus-tree-native\node_modules\react-dom\cjs\react-dom-server-legacy.node.development.js:3019:31)
  renderNodeDestructive (C:\olivia.hi\10.study\focus-tree-native\node_modules\react-dom\cjs\react-dom-server-legacy.node.development.js:2999:25)
Web Bundled 1444ms node_modules\expo-router\entry.js (1 module)
Web Bundled 37ms node_modules\expo-router\entry.js (1 module)
 LOG  [web] Logs will appear in the browser console
Web node_modules\expo-router\entry.js ░░░░░░░░░░░░░░░░  0.0% (0/1)
λ Bundled 431ms node_modules\expo\node_modules\@expo\cli\node_modules\@expo\router-server\node\render.js (1 module)
λ Bundled 422ms node_modules\expo\node_modules\@expo\cli\node_modules\@expo\router-server\node\render.js (1 module)
Web Bundled 2105ms node_modules\expo-router\entry.js (1 module)
Web Bundled 2071ms node_modules\expo-router\entry.js (1 module)
"shadow*" style props are deprecated. Use "boxShadow".
λ  WARN  props.pointerEvents is deprecated. Use style.pointerEvents 
  console.warn (C:\olivia.hi\10.study\focus-tree-native\node_modules\expo\node_modules\@expo\cli\src\start\server\serverLogLikeMetro.ts:177:21)
  warnOnce (C:\olivia.hi\10.study\focus-tree-native\node_modules\react-native-web\dist\modules\warnOnce\index.js:24:13)
  createDOMProps (C:\olivia.hi\10.study\focus-tree-native\node_modules\react-native-web\dist\modules\createDOMProps\index.js:805:13)
  createElement (C:\olivia.hi\10.study\focus-tree-native\node_modules\react-native-web\dist\exports\createElement\index.js:23:32)
  task (C:\olivia.hi\10.study\focus-tree-native\node_modules\react-native-web\dist\exports\View\index.js:111:23)
  Object.propKey$jscomp$3 [as react_stack_bottom_frame] (C:\olivia.hi\10.study\focus-tree-native\node_modules\react-dom\cjs\react-dom-server-legacy.node.development.js:6893:15)
  sizes (C:\olivia.hi\10.study\focus-tree-native\node_modules\react-dom\cjs\react-dom-server-legacy.node.development.js:1874:16)
  renderElement (C:\olivia.hi\10.study\focus-tree-native\node_modules\react-dom\cjs\react-dom-server-legacy.node.development.js:2716:35)
  retryNode (C:\olivia.hi\10.study\focus-tree-native\node_modules\react-dom\cjs\react-dom-server-legacy.node.development.js:3019:31)
  renderNodeDestructive (C:\olivia.hi\10.study\focus-tree-native\node_modules\react-dom\cjs\react-dom-server-legacy.node.development.js:2999:25)
"shadow*" style props are deprecated. Use "boxShadow".
λ  WARN  props.pointerEvents is deprecated. Use style.pointerEvents 
  console.warn (C:\olivia.hi\10.study\focus-tree-native\node_modules\expo\node_modules\@expo\cli\src\start\server\serverLogLikeMetro.ts:177:21)
  warnOnce (C:\olivia.hi\10.study\focus-tree-native\node_modules\react-native-web\dist\modules\warnOnce\index.js:24:13)
  createDOMProps (C:\olivia.hi\10.study\focus-tree-native\node_modules\react-native-web\dist\modules\createDOMProps\index.js:805:13)
  createElement (C:\olivia.hi\10.study\focus-tree-native\node_modules\react-native-web\dist\exports\createElement\index.js:23:32)
  task (C:\olivia.hi\10.study\focus-tree-native\node_modules\react-native-web\dist\exports\View\index.js:111:23)
  Object.propKey$jscomp$3 [as react_stack_bottom_frame] (C:\olivia.hi\10.study\focus-tree-native\node_modules\react-dom\cjs\react-dom-server-legacy.node.development.js:6893:15)
  sizes (C:\olivia.hi\10.study\focus-tree-native\node_modules\react-dom\cjs\react-dom-server-legacy.node.development.js:1874:16)
  renderElement (C:\olivia.hi\10.study\focus-tree-native\node_modules\react-dom\cjs\react-dom-server-legacy.node.development.js:2716:35)
  retryNode (C:\olivia.hi\10.study\focus-tree-native\node_modules\react-dom\cjs\react-dom-server-legacy.node.development.js:3019:31)
  renderNodeDestructive (C:\olivia.hi\10.study\focus-tree-native\node_modules\react-dom\cjs\react-dom-server-legacy.node.development.js:2999:25)
Web Bundled 46ms node_modules\expo-router\entry.js (1 module)
 LOG  [web] Logs will appear in the browser console
Web node_modules\expo-router\entry.js ░░░░░░░░░░░░░░░░  0.0% (0/1)
λ Bundled 106ms node_modules\expo\node_modules\@expo\cli\node_modules\@expo\router-server\node\render.js (1 module)
"shadow*" style props are deprecated. Use "boxShadow".
λ  WARN  props.pointerEvents is deprecated. Use style.pointerEvents 
  console.warn (C:\olivia.hi\10.study\focus-tree-native\node_modules\expo\node_modules\@expo\cli\src\start\server\serverLogLikeMetro.ts:177:21)
  warnOnce (C:\olivia.hi\10.study\focus-tree-native\node_modules\react-native-web\dist\modules\warnOnce\index.js:24:13)
  createDOMProps (C:\olivia.hi\10.study\focus-tree-native\node_modules\react-native-web\dist\modules\createDOMProps\index.js:805:13)
  createElement (C:\olivia.hi\10.study\focus-tree-native\node_modules\react-native-web\dist\exports\createElement\index.js:23:32)
  segment (C:\olivia.hi\10.study\focus-tree-native\node_modules\react-native-web\dist\exports\View\index.js:111:23)
  Object.formTarget [as react_stack_bottom_frame] (C:\olivia.hi\10.study\focus-tree-native\node_modules\react-dom\cjs\react-dom-server-legacy.node.development.js:6924:15)
  renderWithHooks (C:\olivia.hi\10.study\focus-tree-native\node_modules\react-dom\cjs\react-dom-server-legacy.node.development.js:1897:21)
  renderElement (C:\olivia.hi\10.study\focus-tree-native\node_modules\react-dom\cjs\react-dom-server-legacy.node.development.js:2747:13)
  retryNode (C:\olivia.hi\10.study\focus-tree-native\node_modules\react-dom\cjs\react-dom-server-legacy.node.development.js:3043:26)
  renderNodeDestructive (C:\olivia.hi\10.study\focus-tree-native\node_modules\react-dom\cjs\react-dom-server-legacy.node.development.js:3020:26)
Web Bundled 1860ms node_modules\expo-router\entry.js (1 module)
Web Bundled 45ms node_modules\expo-router\entry.js (1 module)
 LOG  [web] Logs will appear in the browser console
Web node_modules\expo-router\entry.js ░░░░░░░░░░░░░░░░  0.0% (0/1)
λ Bundled 91ms node_modules\expo\node_modules\@expo\cli\node_modules\@expo\router-server\node\render.js (1 module)
"shadow*" style props are deprecated. Use "boxShadow".
λ  WARN  props.pointerEvents is deprecated. Use style.pointerEvents 
  console.warn (C:\olivia.hi\10.study\focus-tree-native\node_modules\expo\node_modules\@expo\cli\src\start\server\serverLogLikeMetro.ts:177:21)
  warnOnce (C:\olivia.hi\10.study\focus-tree-native\node_modules\react-native-web\dist\modules\warnOnce\index.js:24:13)
  createDOMProps (C:\olivia.hi\10.study\focus-tree-native\node_modules\react-native-web\dist\modules\createDOMProps\index.js:805:13)
  createElement (C:\olivia.hi\10.study\focus-tree-native\node_modules\react-native-web\dist\exports\createElement\index.js:23:32)
  segment (C:\olivia.hi\10.study\focus-tree-native\node_modules\react-native-web\dist\exports\View\index.js:111:23)
  Object.formTarget [as react_stack_bottom_frame] (C:\olivia.hi\10.study\focus-tree-native\node_modules\react-dom\cjs\react-dom-server-legacy.node.development.js:6924:15)
  renderWithHooks (C:\olivia.hi\10.study\focus-tree-native\node_modules\react-dom\cjs\react-dom-server-legacy.node.development.js:1897:21)
  renderElement (C:\olivia.hi\10.study\focus-tree-native\node_modules\react-dom\cjs\react-dom-server-legacy.node.development.js:2747:13)
  retryNode (C:\olivia.hi\10.study\focus-tree-native\node_modules\react-dom\cjs\react-dom-server-legacy.node.development.js:3043:26)
  renderNodeDestructive (C:\olivia.hi\10.study\focus-tree-native\node_modules\react-dom\cjs\react-dom-server-legacy.node.development.js:3020:26)
Web Bundled 1824ms node_modules\expo-router\entry.js (1 module)
Web Bundled 50ms node_modules\expo-router\entry.js (1 module)
 LOG  [web] Logs will appear in the browser console
Web node_modules\expo-router\entry.js ░░░░░░░░░░░░░░░░  0.0% (0/1)
λ Bundled 62ms node_modules\expo\node_modules\@expo\cli\node_modules\@expo\router-server\node\render.js (1 module)
"shadow*" style props are deprecated. Use "boxShadow".
λ  WARN  props.pointerEvents is deprecated. Use style.pointerEvents 
  console.warn (C:\olivia.hi\10.study\focus-tree-native\node_modules\expo\node_modules\@expo\cli\src\start\server\serverLogLikeMetro.ts:177:21)
  warnOnce (C:\olivia.hi\10.study\focus-tree-native\node_modules\react-native-web\dist\modules\warnOnce\index.js:24:13)
  createDOMProps (C:\olivia.hi\10.study\focus-tree-native\node_modules\react-native-web\dist\modules\createDOMProps\index.js:805:13)
  createElement (C:\olivia.hi\10.study\focus-tree-native\node_modules\react-native-web\dist\exports\createElement\index.js:23:32)
  segment (C:\olivia.hi\10.study\focus-tree-native\node_modules\react-native-web\dist\exports\View\index.js:111:23)
  Object.formTarget [as react_stack_bottom_frame] (C:\olivia.hi\10.study\focus-tree-native\node_modules\react-dom\cjs\react-dom-server-legacy.node.development.js:6924:15)
  renderWithHooks (C:\olivia.hi\10.study\focus-tree-native\node_modules\react-dom\cjs\react-dom-server-legacy.node.development.js:1897:21)
  renderElement (C:\olivia.hi\10.study\focus-tree-native\node_modules\react-dom\cjs\react-dom-server-legacy.node.development.js:2747:13)
  retryNode (C:\olivia.hi\10.study\focus-tree-native\node_modules\react-dom\cjs\react-dom-server-legacy.node.development.js:3043:26)
  renderNodeDestructive (C:\olivia.hi\10.study\focus-tree-native\node_modules\react-dom\cjs\react-dom-server-legacy.node.development.js:3020:26)
Web Bundled 1612ms node_modules\expo-router\entry.js (1 module)
Web Bundled 41ms node_modules\expo-router\entry.js (1 module)
 LOG  [web] Logs will appear in the browser console
λ Bundled 46ms node_modules\expo\node_modules\@expo\cli\node_modules\@expo\router-server\node\render.js (1 module)
"shadow*" style props are deprecated. Use "boxShadow".
λ  WARN  props.pointerEvents is deprecated. Use style.pointerEvents 
  console.warn (C:\olivia.hi\10.study\focus-tree-native\node_modules\expo\node_modules\@expo\cli\src\start\server\serverLogLikeMetro.ts:177:21)
  warnOnce (C:\olivia.hi\10.study\focus-tree-native\node_modules\react-native-web\dist\modules\warnOnce\index.js:24:13)
  createDOMProps (C:\olivia.hi\10.study\focus-tree-native\node_modules\react-native-web\dist\modules\createDOMProps\index.js:805:13)
  createElement (C:\olivia.hi\10.study\focus-tree-native\node_modules\react-native-web\dist\exports\createElement\index.js:23:32)
  segment (C:\olivia.hi\10.study\focus-tree-native\node_modules\react-native-web\dist\exports\View\index.js:111:23)
  Object.formTarget [as react_stack_bottom_frame] (C:\olivia.hi\10.study\focus-tree-native\node_modules\react-dom\cjs\react-dom-server-legacy.node.development.js:6924:15)
  renderWithHooks (C:\olivia.hi\10.study\focus-tree-native\node_modules\react-dom\cjs\react-dom-server-legacy.node.development.js:1897:21)
  renderElement (C:\olivia.hi\10.study\focus-tree-native\node_modules\react-dom\cjs\react-dom-server-legacy.node.development.js:2747:13)
  retryNode (C:\olivia.hi\10.study\focus-tree-native\node_modules\react-dom\cjs\react-dom-server-legacy.node.development.js:3043:26)
  renderNodeDestructive (C:\olivia.hi\10.study\focus-tree-native\node_modules\react-dom\cjs\react-dom-server-legacy.node.development.js:3020:26)
Web Bundled 1490ms node_modules\expo-router\entry.js (1 module)
Web Bundled 36ms node_modules\expo-router\entry.js (1 module)
 LOG  [web] Logs will appear in the browser console
Web node_modules\expo-router\entry.js ░░░░░░░░░░░░░░░░  0.0% (0/1)
λ Bundled 88ms node_modules\expo\node_modules\@expo\cli\node_modules\@expo\router-server\node\render.js (1 module)
"shadow*" style props are deprecated. Use "boxShadow".
λ  WARN  props.pointerEvents is deprecated. Use style.pointerEvents 
  console.warn (C:\olivia.hi\10.study\focus-tree-native\node_modules\expo\node_modules\@expo\cli\src\start\server\serverLogLikeMetro.ts:177:21)
  warnOnce (C:\olivia.hi\10.study\focus-tree-native\node_modules\react-native-web\dist\modules\warnOnce\index.js:24:13)
  createDOMProps (C:\olivia.hi\10.study\focus-tree-native\node_modules\react-native-web\dist\modules\createDOMProps\index.js:805:13)
  createElement (C:\olivia.hi\10.study\focus-tree-native\node_modules\react-native-web\dist\exports\createElement\index.js:23:32)
  segment (C:\olivia.hi\10.study\focus-tree-native\node_modules\react-native-web\dist\exports\View\index.js:111:23)
  Object.formTarget [as react_stack_bottom_frame] (C:\olivia.hi\10.study\focus-tree-native\node_modules\react-dom\cjs\react-dom-server-legacy.node.development.js:6924:15)
  renderWithHooks (C:\olivia.hi\10.study\focus-tree-native\node_modules\react-dom\cjs\react-dom-server-legacy.node.development.js:1897:21)
  renderElement (C:\olivia.hi\10.study\focus-tree-native\node_modules\react-dom\cjs\react-dom-server-legacy.node.development.js:2747:13)
  retryNode (C:\olivia.hi\10.study\focus-tree-native\node_modules\react-dom\cjs\react-dom-server-legacy.node.development.js:3043:26)
  renderNodeDestructive (C:\olivia.hi\10.study\focus-tree-native\node_modules\react-dom\cjs\react-dom-server-legacy.node.development.js:3020:26)
Web Bundled 1722ms node_modules\expo-router\entry.js (1 module)
Web Bundled 41ms node_modules\expo-router\entry.js (1 module)
 LOG  [web] Logs will appear in the browser console
