Starting project at C:\olivia.hi\10.study\focus-tree-native
Using src/app as the root directory for Expo Router.
React Compiler enabled
Starting Metro Bundler

Waiting on http://localhost:8081
Logs for your project will appear below.
Web node_modules\expo-router\entry.js ░░░░░░░░░░░░░░░░  0.0% (0/1)
Web node_modules\expo-router\entry.js ▓▓▓▓▓▓▓▓▓▓▓▓░░░░ 79.7% ( 930/1042)
λ node_modules\expo\node_modules\@expo\cli\node_modules\@expo\router-server\node\render.js ▓▓▓▓▓▓▓▓▓▓▓▓▓▓▓░ 94.5% (1155/1188)
λ Bundled 3679ms node_modules\expo\node_modules\@expo\cli\node_modules\@expo\router-server\node\render.js (1188 modules)
Web node_modules\expo-router\entry.js ▓▓▓▓▓▓▓▓▓▓▓▓▓▓▓░ 99.9% (1214/1214)
Web Bundled 7139ms node_modules\expo-router\entry.js (1214 modules)
Web node_modules\expo-router\entry.js ▓▓░░░░░░░░░░░░░░ 14.1% ( 42/174)
Web Bundled 3793ms node_modules\expo-router\entry.js (1210 modules)
 LOG  [web] Logs will appear in the browser console
Web node_modules\expo-router\entry.js ░░░░░░░░░░░░░░░░  0.0% (0/1)
λ node_modules\expo\node_modules\@expo\cli\node_modules\@expo\router-server\node\render.js ░░░░░░░░░░░░░░░░  0.0% (0/1)
λ Bundled 3589ms node_modules\expo\node_modules\@expo\cli\node_modules\@expo\router-server\node\render.js (1 module)
λ Bundled 3328ms node_modules\expo\node_modules\@expo\cli\node_modules\@expo\router-server\node\render.js (1 module)
λ Bundled 2838ms node_modules\expo\node_modules\@expo\cli\node_modules\@expo\router-server\node\render.js (1 module)
Web node_modules\expo-router\entry.js ░░░░░░░░░░░░░░░░  0.0% (0/1)
Web node_modules\expo-router\entry.js ░░░░░░░░░░░░░░░░  0.0% (0/1)
Web node_modules\expo-router\entry.js ░░░░░░░░░░░░░░░░  0.0% (0/1)
Web Bundled 9387ms node_modules\expo-router\entry.js (1 module)
Web node_modules\expo-router\entry.js ░░░░░░░░░░░░░░░░  0.0% (0/1)
Web node_modules\expo-router\entry.js ░░░░░░░░░░░░░░░░  0.0% (0/1)
Web Bundled 7288ms node_modules\expo-router\entry.js (1 module)
Web Bundled 6755ms node_modules\expo-router\entry.js (1 module)
Web Bundled 38ms node_modules\expo-router\entry.js (1 module)
 LOG  [web] Logs will appear in the browser console
